This is pdfTeX, Version 3.14159265-2.6-1.40.20 (TeX Live 2019/Arch Linux) (preloaded format=pdflatex 2020.2.7)  13 FEB 2020 11:36
entering extended mode
 restricted \write18 enabled.
 %&-line parsing enabled.
**td.tex
(./td.tex
LaTeX2e <2019-10-01> patch level 1
(/usr/share/texmf-dist/tex/latex/base/article.cls
Document Class: article 2019/08/27 v1.4j Standard LaTeX document class
(/usr/share/texmf-dist/tex/latex/base/size10.clo
File: size10.clo 2019/08/27 v1.4j Standard LaTeX file (size option)
)
\c@part=\count80
\c@section=\count81
\c@subsection=\count82
\c@subsubsection=\count83
\c@paragraph=\count84
\c@subparagraph=\count85
\c@figure=\count86
\c@table=\count87
\abovecaptionskip=\skip41
\belowcaptionskip=\skip42
\bibindent=\dimen102
)
(/usr/share/texmf-dist/tex/latex/base/fontenc.sty
Package: fontenc 2018/08/11 v2.0j Standard LaTeX package

(/usr/share/texmf-dist/tex/latex/base/t1enc.def
File: t1enc.def 2018/08/11 v2.0j Standard LaTeX file
LaTeX Font Info:    Redeclaring font encoding T1 on input line 48.
))
(/usr/share/texmf-dist/tex/generic/babel/babel.sty
Package: babel 2019/10/15 3.35 The Babel package

(/usr/share/texmf-dist/tex/generic/babel/switch.def
File: switch.def 2019/10/15 3.35 Babel switching mechanism
)
(/usr/share/texmf-dist/tex/generic/babel-french/french.ldf
Language: french 2019/09/07 v3.5f French support from the babel system

(/usr/share/texmf-dist/tex/generic/babel/babel.def
File: babel.def 2019/10/15 3.35 Babel common definitions
\babel@savecnt=\count88
\U@D=\dimen103

(/usr/share/texmf-dist/tex/generic/babel/txtbabel.def)
\bbl@dirlevel=\count89
)
\l@acadian = a dialect from \language\l@french 
\l@canadien = a dialect from \language\l@french 
\FB@nonchar=\count90
Package babel Info: Making : an active character on input line 419.
Package babel Info: Making ; an active character on input line 420.
Package babel Info: Making ! an active character on input line 421.
Package babel Info: Making ? an active character on input line 422.
\FBguill@level=\count91
\FBold@everypar=\toks14
\FB@Mht=\dimen104
\mc@charclass=\count92
\mc@charfam=\count93
\mc@charslot=\count94
\std@mcc=\count95
\dec@mcc=\count96
\c@FBcaption@count=\count97
\listindentFB=\dimen105
\descindentFB=\dimen106
\labelindentFB=\dimen107
\labelwidthFB=\dimen108
\leftmarginFB=\dimen109
\parindentFFN=\dimen110
\FBfnindent=\dimen111
))
(/usr/share/texmf-dist/tex/latex/carlisle/scalefnt.sty)
(/usr/share/texmf-dist/tex/latex/graphics/keyval.sty
Package: keyval 2014/10/28 v1.15 key=value parser (DPC)
\KV@toks@=\toks15
)
(/usr/share/texmf-dist/tex/latex/base/inputenc.sty
Package: inputenc 2018/08/11 v1.3c Input encoding file
\inpenc@prehook=\toks16
\inpenc@posthook=\toks17
)
(/usr/share/texmf-dist/tex/latex/lm/lmodern.sty
Package: lmodern 2009/10/30 v1.6 Latin Modern Fonts
LaTeX Font Info:    Overwriting symbol font `operators' in version `normal'
(Font)                  OT1/cmr/m/n --> OT1/lmr/m/n on input line 22.
LaTeX Font Info:    Overwriting symbol font `letters' in version `normal'
(Font)                  OML/cmm/m/it --> OML/lmm/m/it on input line 23.
LaTeX Font Info:    Overwriting symbol font `symbols' in version `normal'
(Font)                  OMS/cmsy/m/n --> OMS/lmsy/m/n on input line 24.
LaTeX Font Info:    Overwriting symbol font `largesymbols' in version `normal'
(Font)                  OMX/cmex/m/n --> OMX/lmex/m/n on input line 25.
LaTeX Font Info:    Overwriting symbol font `operators' in version `bold'
(Font)                  OT1/cmr/bx/n --> OT1/lmr/bx/n on input line 26.
LaTeX Font Info:    Overwriting symbol font `letters' in version `bold'
(Font)                  OML/cmm/b/it --> OML/lmm/b/it on input line 27.
LaTeX Font Info:    Overwriting symbol font `symbols' in version `bold'
(Font)                  OMS/cmsy/b/n --> OMS/lmsy/b/n on input line 28.
LaTeX Font Info:    Overwriting symbol font `largesymbols' in version `bold'
(Font)                  OMX/cmex/m/n --> OMX/lmex/m/n on input line 29.
LaTeX Font Info:    Overwriting math alphabet `\mathbf' in version `normal'
(Font)                  OT1/cmr/bx/n --> OT1/lmr/bx/n on input line 31.
LaTeX Font Info:    Overwriting math alphabet `\mathsf' in version `normal'
(Font)                  OT1/cmss/m/n --> OT1/lmss/m/n on input line 32.
LaTeX Font Info:    Overwriting math alphabet `\mathit' in version `normal'
(Font)                  OT1/cmr/m/it --> OT1/lmr/m/it on input line 33.
LaTeX Font Info:    Overwriting math alphabet `\mathtt' in version `normal'
(Font)                  OT1/cmtt/m/n --> OT1/lmtt/m/n on input line 34.
LaTeX Font Info:    Overwriting math alphabet `\mathbf' in version `bold'
(Font)                  OT1/cmr/bx/n --> OT1/lmr/bx/n on input line 35.
LaTeX Font Info:    Overwriting math alphabet `\mathsf' in version `bold'
(Font)                  OT1/cmss/bx/n --> OT1/lmss/bx/n on input line 36.
LaTeX Font Info:    Overwriting math alphabet `\mathit' in version `bold'
(Font)                  OT1/cmr/bx/it --> OT1/lmr/bx/it on input line 37.
LaTeX Font Info:    Overwriting math alphabet `\mathtt' in version `bold'
(Font)                  OT1/cmtt/m/n --> OT1/lmtt/m/n on input line 38.
)
(/usr/share/texmf-dist/tex/latex/amsmath/amsmath.sty
Package: amsmath 2019/04/01 v2.17c AMS math features
\@mathmargin=\skip43

For additional information on amsmath, use the `?' option.
(/usr/share/texmf-dist/tex/latex/amsmath/amstext.sty
Package: amstext 2000/06/29 v2.01 AMS text

(/usr/share/texmf-dist/tex/latex/amsmath/amsgen.sty
File: amsgen.sty 1999/11/30 v2.0 generic functions
\@emptytoks=\toks18
\ex@=\dimen112
))
(/usr/share/texmf-dist/tex/latex/amsmath/amsbsy.sty
Package: amsbsy 1999/11/29 v1.2d Bold Symbols
\pmbraise@=\dimen113
)
(/usr/share/texmf-dist/tex/latex/amsmath/amsopn.sty
Package: amsopn 2016/03/08 v2.02 operator names
)
\inf@bad=\count98
LaTeX Info: Redefining \frac on input line 227.
\uproot@=\count99
\leftroot@=\count100
LaTeX Info: Redefining \overline on input line 389.
\classnum@=\count101
\DOTSCASE@=\count102
LaTeX Info: Redefining \ldots on input line 486.
LaTeX Info: Redefining \dots on input line 489.
LaTeX Info: Redefining \cdots on input line 610.
\Mathstrutbox@=\box27
\strutbox@=\box28
\big@size=\dimen114
LaTeX Font Info:    Redeclaring font encoding OML on input line 733.
LaTeX Font Info:    Redeclaring font encoding OMS on input line 734.
\macc@depth=\count103
\c@MaxMatrixCols=\count104
\dotsspace@=\muskip10
\c@parentequation=\count105
\dspbrk@lvl=\count106
\tag@help=\toks19
\row@=\count107
\column@=\count108
\maxfields@=\count109
\andhelp@=\toks20
\eqnshift@=\dimen115
\alignsep@=\dimen116
\tagshift@=\dimen117
\tagwidth@=\dimen118
\totwidth@=\dimen119
\lineht@=\dimen120
\@envbody=\toks21
\multlinegap=\skip44
\multlinetaggap=\skip45
\mathdisplay@stack=\toks22
LaTeX Info: Redefining \[ on input line 2855.
LaTeX Info: Redefining \] on input line 2856.
)
(/usr/share/texmf-dist/tex/latex/amsfonts/amssymb.sty
Package: amssymb 2013/01/14 v3.01 AMS font symbols

(/usr/share/texmf-dist/tex/latex/amsfonts/amsfonts.sty
Package: amsfonts 2013/01/14 v3.01 Basic AMSFonts support
\symAMSa=\mathgroup4
\symAMSb=\mathgroup5
LaTeX Font Info:    Redeclaring math symbol \hbar on input line 98.
LaTeX Font Info:    Overwriting math alphabet `\mathfrak' in version `bold'
(Font)                  U/euf/m/n --> U/euf/b/n on input line 106.
))
(/usr/share/texmf-dist/tex/latex/pgf/frontendlayer/tikz.sty
(/usr/share/texmf-dist/tex/latex/pgf/basiclayer/pgf.sty
(/usr/share/texmf-dist/tex/latex/pgf/utilities/pgfrcs.sty
(/usr/share/texmf-dist/tex/generic/pgf/utilities/pgfutil-common.tex
\pgfutil@everybye=\toks23
\pgfutil@tempdima=\dimen121
\pgfutil@tempdimb=\dimen122

(/usr/share/texmf-dist/tex/generic/pgf/utilities/pgfutil-common-lists.tex))
(/usr/share/texmf-dist/tex/generic/pgf/utilities/pgfutil-latex.def
\pgfutil@abb=\box29

(/usr/share/texmf-dist/tex/latex/ms/everyshi.sty
Package: everyshi 2001/05/15 v3.00 EveryShipout Package (MS)
))
(/usr/share/texmf-dist/tex/generic/pgf/utilities/pgfrcs.code.tex
(/usr/share/texmf-dist/tex/generic/pgf/pgf.revision.tex)
Package: pgfrcs 2019/08/03 v3.1.4b (3.1.4b)
))
Package: pgf 2019/08/03 v3.1.4b (3.1.4b)

(/usr/share/texmf-dist/tex/latex/pgf/basiclayer/pgfcore.sty
(/usr/share/texmf-dist/tex/latex/graphics/graphicx.sty
Package: graphicx 2017/06/01 v1.1a Enhanced LaTeX Graphics (DPC,SPQR)

(/usr/share/texmf-dist/tex/latex/graphics/graphics.sty
Package: graphics 2019/10/08 v1.3c Standard LaTeX Graphics (DPC,SPQR)

(/usr/share/texmf-dist/tex/latex/graphics/trig.sty
Package: trig 2016/01/03 v1.10 sin cos tan (DPC)
)
(/usr/share/texmf-dist/tex/latex/graphics-cfg/graphics.cfg
File: graphics.cfg 2016/06/04 v1.11 sample graphics configuration
)
Package graphics Info: Driver file: pdftex.def on input line 105.

(/usr/share/texmf-dist/tex/latex/graphics-def/pdftex.def
File: pdftex.def 2018/01/08 v1.0l Graphics/color driver for pdftex
))
\Gin@req@height=\dimen123
\Gin@req@width=\dimen124
)
(/usr/share/texmf-dist/tex/latex/pgf/systemlayer/pgfsys.sty
(/usr/share/texmf-dist/tex/generic/pgf/systemlayer/pgfsys.code.tex
Package: pgfsys 2019/08/03 v3.1.4b (3.1.4b)

(/usr/share/texmf-dist/tex/generic/pgf/utilities/pgfkeys.code.tex
\pgfkeys@pathtoks=\toks24
\pgfkeys@temptoks=\toks25

(/usr/share/texmf-dist/tex/generic/pgf/utilities/pgfkeysfiltered.code.tex
\pgfkeys@tmptoks=\toks26
))
\pgf@x=\dimen125
\pgf@y=\dimen126
\pgf@xa=\dimen127
\pgf@ya=\dimen128
\pgf@xb=\dimen129
\pgf@yb=\dimen130
\pgf@xc=\dimen131
\pgf@yc=\dimen132
\pgf@xd=\dimen133
\pgf@yd=\dimen134
\w@pgf@writea=\write3
\r@pgf@reada=\read1
\c@pgf@counta=\count110
\c@pgf@countb=\count111
\c@pgf@countc=\count112
\c@pgf@countd=\count113
\t@pgf@toka=\toks27
\t@pgf@tokb=\toks28
\t@pgf@tokc=\toks29
\pgf@sys@id@count=\count114

(/usr/share/texmf-dist/tex/generic/pgf/systemlayer/pgf.cfg
File: pgf.cfg 2019/08/03 v3.1.4b (3.1.4b)
)
Driver file for pgf: pgfsys-pdftex.def

(/usr/share/texmf-dist/tex/generic/pgf/systemlayer/pgfsys-pdftex.def
File: pgfsys-pdftex.def 2019/08/03 v3.1.4b (3.1.4b)

(/usr/share/texmf-dist/tex/generic/pgf/systemlayer/pgfsys-common-pdf.def
File: pgfsys-common-pdf.def 2019/08/03 v3.1.4b (3.1.4b)
)))
(/usr/share/texmf-dist/tex/generic/pgf/systemlayer/pgfsyssoftpath.code.tex
File: pgfsyssoftpath.code.tex 2019/08/03 v3.1.4b (3.1.4b)
\pgfsyssoftpath@smallbuffer@items=\count115
\pgfsyssoftpath@bigbuffer@items=\count116
)
(/usr/share/texmf-dist/tex/generic/pgf/systemlayer/pgfsysprotocol.code.tex
File: pgfsysprotocol.code.tex 2019/08/03 v3.1.4b (3.1.4b)
))
(/usr/share/texmf-dist/tex/latex/xcolor/xcolor.sty
Package: xcolor 2016/05/11 v2.12 LaTeX color extensions (UK)

(/usr/share/texmf-dist/tex/latex/graphics-cfg/color.cfg
File: color.cfg 2016/01/02 v1.6 sample color configuration
)
Package xcolor Info: Driver file: pdftex.def on input line 225.
Package xcolor Info: Model `cmy' substituted by `cmy0' on input line 1348.
Package xcolor Info: Model `hsb' substituted by `rgb' on input line 1352.
Package xcolor Info: Model `RGB' extended on input line 1364.
Package xcolor Info: Model `HTML' substituted by `rgb' on input line 1366.
Package xcolor Info: Model `Hsb' substituted by `hsb' on input line 1367.
Package xcolor Info: Model `tHsb' substituted by `hsb' on input line 1368.
Package xcolor Info: Model `HSB' substituted by `hsb' on input line 1369.
Package xcolor Info: Model `Gray' substituted by `gray' on input line 1370.
Package xcolor Info: Model `wave' substituted by `hsb' on input line 1371.
)
(/usr/share/texmf-dist/tex/generic/pgf/basiclayer/pgfcore.code.tex
Package: pgfcore 2019/08/03 v3.1.4b (3.1.4b)

(/usr/share/texmf-dist/tex/generic/pgf/math/pgfmath.code.tex
(/usr/share/texmf-dist/tex/generic/pgf/math/pgfmathcalc.code.tex
(/usr/share/texmf-dist/tex/generic/pgf/math/pgfmathutil.code.tex)
(/usr/share/texmf-dist/tex/generic/pgf/math/pgfmathparser.code.tex
\pgfmath@dimen=\dimen135
\pgfmath@count=\count117
\pgfmath@box=\box30
\pgfmath@toks=\toks30
\pgfmath@stack@operand=\toks31
\pgfmath@stack@operation=\toks32
)
(/usr/share/texmf-dist/tex/generic/pgf/math/pgfmathfunctions.code.tex
(/usr/share/texmf-dist/tex/generic/pgf/math/pgfmathfunctions.basic.code.tex)
(/usr/share/texmf-dist/tex/generic/pgf/math/pgfmathfunctions.trigonometric.code
.tex)
(/usr/share/texmf-dist/tex/generic/pgf/math/pgfmathfunctions.random.code.tex)
(/usr/share/texmf-dist/tex/generic/pgf/math/pgfmathfunctions.comparison.code.te
x) (/usr/share/texmf-dist/tex/generic/pgf/math/pgfmathfunctions.base.code.tex)
(/usr/share/texmf-dist/tex/generic/pgf/math/pgfmathfunctions.round.code.tex)
(/usr/share/texmf-dist/tex/generic/pgf/math/pgfmathfunctions.misc.code.tex)
(/usr/share/texmf-dist/tex/generic/pgf/math/pgfmathfunctions.integerarithmetics
.code.tex))) (/usr/share/texmf-dist/tex/generic/pgf/math/pgfmathfloat.code.tex
\c@pgfmathroundto@lastzeros=\count118
)) (/usr/share/texmf-dist/tex/generic/pgf/math/pgfint.code.tex)
(/usr/share/texmf-dist/tex/generic/pgf/basiclayer/pgfcorepoints.code.tex
File: pgfcorepoints.code.tex 2019/08/03 v3.1.4b (3.1.4b)
\pgf@picminx=\dimen136
\pgf@picmaxx=\dimen137
\pgf@picminy=\dimen138
\pgf@picmaxy=\dimen139
\pgf@pathminx=\dimen140
\pgf@pathmaxx=\dimen141
\pgf@pathminy=\dimen142
\pgf@pathmaxy=\dimen143
\pgf@xx=\dimen144
\pgf@xy=\dimen145
\pgf@yx=\dimen146
\pgf@yy=\dimen147
\pgf@zx=\dimen148
\pgf@zy=\dimen149
)
(/usr/share/texmf-dist/tex/generic/pgf/basiclayer/pgfcorepathconstruct.code.tex
File: pgfcorepathconstruct.code.tex 2019/08/03 v3.1.4b (3.1.4b)
\pgf@path@lastx=\dimen150
\pgf@path@lasty=\dimen151
) (/usr/share/texmf-dist/tex/generic/pgf/basiclayer/pgfcorepathusage.code.tex
File: pgfcorepathusage.code.tex 2019/08/03 v3.1.4b (3.1.4b)
\pgf@shorten@end@additional=\dimen152
\pgf@shorten@start@additional=\dimen153
)
(/usr/share/texmf-dist/tex/generic/pgf/basiclayer/pgfcorescopes.code.tex
File: pgfcorescopes.code.tex 2019/08/03 v3.1.4b (3.1.4b)
\pgfpic=\box31
\pgf@hbox=\box32
\pgf@layerbox@main=\box33
\pgf@picture@serial@count=\count119
)
(/usr/share/texmf-dist/tex/generic/pgf/basiclayer/pgfcoregraphicstate.code.tex
File: pgfcoregraphicstate.code.tex 2019/08/03 v3.1.4b (3.1.4b)
\pgflinewidth=\dimen154
)
(/usr/share/texmf-dist/tex/generic/pgf/basiclayer/pgfcoretransformations.code.t
ex
File: pgfcoretransformations.code.tex 2019/08/03 v3.1.4b (3.1.4b)
\pgf@pt@x=\dimen155
\pgf@pt@y=\dimen156
\pgf@pt@temp=\dimen157
) (/usr/share/texmf-dist/tex/generic/pgf/basiclayer/pgfcorequick.code.tex
File: pgfcorequick.code.tex 2019/08/03 v3.1.4b (3.1.4b)
)
(/usr/share/texmf-dist/tex/generic/pgf/basiclayer/pgfcoreobjects.code.tex
File: pgfcoreobjects.code.tex 2019/08/03 v3.1.4b (3.1.4b)
)
(/usr/share/texmf-dist/tex/generic/pgf/basiclayer/pgfcorepathprocessing.code.te
x
File: pgfcorepathprocessing.code.tex 2019/08/03 v3.1.4b (3.1.4b)
) (/usr/share/texmf-dist/tex/generic/pgf/basiclayer/pgfcorearrows.code.tex
File: pgfcorearrows.code.tex 2019/08/03 v3.1.4b (3.1.4b)
\pgfarrowsep=\dimen158
)
(/usr/share/texmf-dist/tex/generic/pgf/basiclayer/pgfcoreshade.code.tex
File: pgfcoreshade.code.tex 2019/08/03 v3.1.4b (3.1.4b)
\pgf@max=\dimen159
\pgf@sys@shading@range@num=\count120
\pgf@shadingcount=\count121
)
(/usr/share/texmf-dist/tex/generic/pgf/basiclayer/pgfcoreimage.code.tex
File: pgfcoreimage.code.tex 2019/08/03 v3.1.4b (3.1.4b)

(/usr/share/texmf-dist/tex/generic/pgf/basiclayer/pgfcoreexternal.code.tex
File: pgfcoreexternal.code.tex 2019/08/03 v3.1.4b (3.1.4b)
\pgfexternal@startupbox=\box34
))
(/usr/share/texmf-dist/tex/generic/pgf/basiclayer/pgfcorelayers.code.tex
File: pgfcorelayers.code.tex 2019/08/03 v3.1.4b (3.1.4b)
)
(/usr/share/texmf-dist/tex/generic/pgf/basiclayer/pgfcoretransparency.code.tex
File: pgfcoretransparency.code.tex 2019/08/03 v3.1.4b (3.1.4b)
) (/usr/share/texmf-dist/tex/generic/pgf/basiclayer/pgfcorepatterns.code.tex
File: pgfcorepatterns.code.tex 2019/08/03 v3.1.4b (3.1.4b)
)
(/usr/share/texmf-dist/tex/generic/pgf/basiclayer/pgfcorerdf.code.tex
File: pgfcorerdf.code.tex 2019/08/03 v3.1.4b (3.1.4b)
)))
(/usr/share/texmf-dist/tex/generic/pgf/modules/pgfmoduleshapes.code.tex
File: pgfmoduleshapes.code.tex 2019/08/03 v3.1.4b (3.1.4b)
\pgfnodeparttextbox=\box35
)
(/usr/share/texmf-dist/tex/generic/pgf/modules/pgfmoduleplot.code.tex
File: pgfmoduleplot.code.tex 2019/08/03 v3.1.4b (3.1.4b)
)
(/usr/share/texmf-dist/tex/latex/pgf/compatibility/pgfcomp-version-0-65.sty
Package: pgfcomp-version-0-65 2019/08/03 v3.1.4b (3.1.4b)
\pgf@nodesepstart=\dimen160
\pgf@nodesepend=\dimen161
)
(/usr/share/texmf-dist/tex/latex/pgf/compatibility/pgfcomp-version-1-18.sty
Package: pgfcomp-version-1-18 2019/08/03 v3.1.4b (3.1.4b)
))
(/usr/share/texmf-dist/tex/latex/pgf/utilities/pgffor.sty
(/usr/share/texmf-dist/tex/latex/pgf/utilities/pgfkeys.sty
(/usr/share/texmf-dist/tex/generic/pgf/utilities/pgfkeys.code.tex))
(/usr/share/texmf-dist/tex/latex/pgf/math/pgfmath.sty
(/usr/share/texmf-dist/tex/generic/pgf/math/pgfmath.code.tex))
(/usr/share/texmf-dist/tex/generic/pgf/utilities/pgffor.code.tex
Package: pgffor 2019/08/03 v3.1.4b (3.1.4b)

(/usr/share/texmf-dist/tex/generic/pgf/math/pgfmath.code.tex)
\pgffor@iter=\dimen162
\pgffor@skip=\dimen163
\pgffor@stack=\toks33
\pgffor@toks=\toks34
))
(/usr/share/texmf-dist/tex/generic/pgf/frontendlayer/tikz/tikz.code.tex
Package: tikz 2019/08/03 v3.1.4b (3.1.4b)

(/usr/share/texmf-dist/tex/generic/pgf/libraries/pgflibraryplothandlers.code.te
x
File: pgflibraryplothandlers.code.tex 2019/08/03 v3.1.4b (3.1.4b)
\pgf@plot@mark@count=\count122
\pgfplotmarksize=\dimen164
)
\tikz@lastx=\dimen165
\tikz@lasty=\dimen166
\tikz@lastxsaved=\dimen167
\tikz@lastysaved=\dimen168
\tikz@lastmovetox=\dimen169
\tikz@lastmovetoy=\dimen170
\tikzleveldistance=\dimen171
\tikzsiblingdistance=\dimen172
\tikz@figbox=\box36
\tikz@figbox@bg=\box37
\tikz@tempbox=\box38
\tikz@tempbox@bg=\box39
\tikztreelevel=\count123
\tikznumberofchildren=\count124
\tikznumberofcurrentchild=\count125
\tikz@fig@count=\count126
 (/usr/share/texmf-dist/tex/generic/pgf/modules/pgfmodulematrix.code.tex
File: pgfmodulematrix.code.tex 2019/08/03 v3.1.4b (3.1.4b)
\pgfmatrixcurrentrow=\count127
\pgfmatrixcurrentcolumn=\count128
\pgf@matrix@numberofcolumns=\count129
)
\tikz@expandcount=\count130

(/usr/share/texmf-dist/tex/generic/pgf/frontendlayer/tikz/libraries/tikzlibrary
topaths.code.tex
File: tikzlibrarytopaths.code.tex 2019/08/03 v3.1.4b (3.1.4b)
))) (/usr/share/texmf-dist/tex/latex/listings/listings.sty
\lst@mode=\count131
\lst@gtempboxa=\box40
\lst@token=\toks35
\lst@length=\count132
\lst@currlwidth=\dimen173
\lst@column=\count133
\lst@pos=\count134
\lst@lostspace=\dimen174
\lst@width=\dimen175
\lst@newlines=\count135
\lst@lineno=\count136
\lst@maxwidth=\dimen176

(/usr/share/texmf-dist/tex/latex/listings/lstmisc.sty
File: lstmisc.sty 2019/09/10 1.8c (Carsten Heinz)
\c@lstnumber=\count137
\lst@skipnumbers=\count138
\lst@framebox=\box41
)
(/usr/share/texmf-dist/tex/latex/listings/listings.cfg
File: listings.cfg 2019/09/10 1.8c listings configuration
))
Package: listings 2019/09/10 1.8c (Carsten Heinz)

(/usr/share/texmf-dist/tex/generic/pgf/frontendlayer/tikz/libraries/tikzlibrary
automata.code.tex
File: tikzlibraryautomata.code.tex 2019/08/03 v3.1.4b (3.1.4b)

(/usr/share/texmf-dist/tex/generic/pgf/frontendlayer/tikz/libraries/tikzlibrary
shapes.multipart.code.tex
File: tikzlibraryshapes.multipart.code.tex 2019/08/03 v3.1.4b (3.1.4b)

(/usr/share/texmf-dist/tex/generic/pgf/libraries/shapes/pgflibraryshapes.multip
art.code.tex
File: pgflibraryshapes.multipart.code.tex 2019/08/03 v3.1.4b (3.1.4b)
\pgfnodepartlowerbox=\box42
\pgfnodeparttwobox=\box43
\pgfnodepartthreebox=\box44
\pgfnodepartfourbox=\box45
\pgfnodeparttwentybox=\box46
\pgfnodepartnineteenbox=\box47
\pgfnodeparteighteenbox=\box48
\pgfnodepartseventeenbox=\box49
\pgfnodepartsixteenbox=\box50
\pgfnodepartfifteenbox=\box51
\pgfnodepartfourteenbox=\box52
\pgfnodepartthirteenbox=\box53
\pgfnodeparttwelvebox=\box54
\pgfnodepartelevenbox=\box55
\pgfnodeparttenbox=\box56
\pgfnodepartninebox=\box57
\pgfnodeparteightbox=\box58
\pgfnodepartsevenbox=\box59
\pgfnodepartsixbox=\box60
\pgfnodepartfivebox=\box61
)))
(/usr/share/texmf-dist/tex/generic/pgf/frontendlayer/tikz/libraries/tikzlibrary
positioning.code.tex
File: tikzlibrarypositioning.code.tex 2019/08/03 v3.1.4b (3.1.4b)
)
(/usr/share/texmf-dist/tex/generic/pgf/frontendlayer/tikz/libraries/tikzlibrary
arrows.code.tex
File: tikzlibraryarrows.code.tex 2019/08/03 v3.1.4b (3.1.4b)

(/usr/share/texmf-dist/tex/generic/pgf/libraries/pgflibraryarrows.code.tex
File: pgflibraryarrows.code.tex 2019/08/03 v3.1.4b (3.1.4b)
\arrowsize=\dimen177
))
(./td.aux (./TDs/TD1.aux) (./TDs/TD2.aux) (./TDs/TD3.aux))
\openout1 = `td.aux'.

LaTeX Font Info:    Checking defaults for OML/cmm/m/it on input line 16.
LaTeX Font Info:    ... okay on input line 16.
LaTeX Font Info:    Checking defaults for T1/cmr/m/n on input line 16.
LaTeX Font Info:    ... okay on input line 16.
LaTeX Font Info:    Checking defaults for OT1/cmr/m/n on input line 16.
LaTeX Font Info:    ... okay on input line 16.
LaTeX Font Info:    Checking defaults for OMS/cmsy/m/n on input line 16.
LaTeX Font Info:    ... okay on input line 16.
LaTeX Font Info:    Checking defaults for OMX/cmex/m/n on input line 16.
LaTeX Font Info:    ... okay on input line 16.
LaTeX Font Info:    Checking defaults for U/cmr/m/n on input line 16.
LaTeX Font Info:    ... okay on input line 16.
LaTeX Font Info:    Trying to load font information for T1+lmr on input line 16
.

(/usr/share/texmf-dist/tex/latex/lm/t1lmr.fd
File: t1lmr.fd 2009/10/30 v1.6 Font defs for Latin Modern
)
LaTeX Info: Redefining \degres on input line 16.
LaTeX Info: Redefining \dots on input line 16.
LaTeX Info: Redefining \up on input line 16.

ABD: EveryShipout initializing macros
(/usr/share/texmf-dist/tex/context/base/mkii/supp-pdf.mkii
[Loading MPS to PDF converter (version 2006.09.02).]
\scratchcounter=\count139
\scratchdimen=\dimen178
\scratchbox=\box62
\nofMPsegments=\count140
\nofMParguments=\count141
\everyMPshowfont=\toks36
\MPscratchCnt=\count142
\MPscratchDim=\dimen179
\MPnumerator=\count143
\makeMPintoPDFobject=\count144
\everyMPtoPDFconversion=\toks37
) (/usr/share/texmf-dist/tex/latex/oberdiek/epstopdf-base.sty
Package: epstopdf-base 2016/05/15 v2.6 Base part for package epstopdf

(/usr/share/texmf-dist/tex/generic/oberdiek/infwarerr.sty
Package: infwarerr 2016/05/16 v1.4 Providing info/warning/error messages (HO)
)
(/usr/share/texmf-dist/tex/latex/oberdiek/grfext.sty
Package: grfext 2016/05/16 v1.2 Manage graphics extensions (HO)

(/usr/share/texmf-dist/tex/generic/oberdiek/kvdefinekeys.sty
Package: kvdefinekeys 2016/05/16 v1.4 Define keys (HO)

(/usr/share/texmf-dist/tex/generic/oberdiek/ltxcmds.sty
Package: ltxcmds 2016/05/16 v1.23 LaTeX kernel commands for general use (HO)
)))
(/usr/share/texmf-dist/tex/latex/oberdiek/kvoptions.sty
Package: kvoptions 2016/05/16 v3.12 Key value format for package options (HO)

(/usr/share/texmf-dist/tex/generic/oberdiek/kvsetkeys.sty
Package: kvsetkeys 2016/05/16 v1.17 Key value parser (HO)

(/usr/share/texmf-dist/tex/generic/oberdiek/etexcmds.sty
Package: etexcmds 2016/05/16 v1.6 Avoid name clashes with e-TeX commands (HO)

(/usr/share/texmf-dist/tex/generic/oberdiek/ifluatex.sty
Package: ifluatex 2016/05/16 v1.4 Provides the ifluatex switch (HO)
Package ifluatex Info: LuaTeX not detected.
))))
(/usr/share/texmf-dist/tex/generic/oberdiek/pdftexcmds.sty
Package: pdftexcmds 2019/07/25 v0.30 Utility functions of pdfTeX for LuaTeX (HO
)

(/usr/share/texmf-dist/tex/generic/oberdiek/ifpdf.sty
Package: ifpdf 2018/09/07 v3.3 Provides the ifpdf switch
)
Package pdftexcmds Info: LuaTeX not detected.
Package pdftexcmds Info: \pdf@primitive is available.
Package pdftexcmds Info: \pdf@ifprimitive is available.
Package pdftexcmds Info: \pdfdraftmode found.
)
Package epstopdf-base Info: Redefining graphics rule for `.eps' on input line 4
38.
Package grfext Info: Graphics extension search list:
(grfext)             [.pdf,.png,.jpg,.mps,.jpeg,.jbig2,.jb2,.PDF,.PNG,.JPG,.JPE
G,.JBIG2,.JB2,.eps]
(grfext)             \AppendGraphicsExtensions on input line 456.

(/usr/share/texmf-dist/tex/latex/latexconfig/epstopdf-sys.cfg
File: epstopdf-sys.cfg 2010/07/13 v1.3 Configuration of (r)epstopdf for TeX Liv
e
))
\c@lstlisting=\count145
LaTeX Font Info:    Trying to load font information for T1+lmtt on input line 1
7.

(/usr/share/texmf-dist/tex/latex/lm/t1lmtt.fd
File: t1lmtt.fd 2009/10/30 v1.6 Font defs for Latin Modern
)
LaTeX Font Info:    Trying to load font information for OT1+lmr on input line 1
8.

(/usr/share/texmf-dist/tex/latex/lm/ot1lmr.fd
File: ot1lmr.fd 2009/10/30 v1.6 Font defs for Latin Modern
)
LaTeX Font Info:    Trying to load font information for OML+lmm on input line 1
8.

(/usr/share/texmf-dist/tex/latex/lm/omllmm.fd
File: omllmm.fd 2009/10/30 v1.6 Font defs for Latin Modern
)
LaTeX Font Info:    Trying to load font information for OMS+lmsy on input line 
18.

(/usr/share/texmf-dist/tex/latex/lm/omslmsy.fd
File: omslmsy.fd 2009/10/30 v1.6 Font defs for Latin Modern
)
LaTeX Font Info:    Trying to load font information for OMX+lmex on input line 
18.

(/usr/share/texmf-dist/tex/latex/lm/omxlmex.fd
File: omxlmex.fd 2009/10/30 v1.6 Font defs for Latin Modern
)
LaTeX Font Info:    External font `lmex10' loaded for size
(Font)              <12> on input line 18.
LaTeX Font Info:    External font `lmex10' loaded for size
(Font)              <8> on input line 18.
LaTeX Font Info:    External font `lmex10' loaded for size
(Font)              <6> on input line 18.
LaTeX Font Info:    Trying to load font information for U+msa on input line 18.


(/usr/share/texmf-dist/tex/latex/amsfonts/umsa.fd
File: umsa.fd 2013/01/14 v3.01 AMS symbols A
)
LaTeX Font Info:    Trying to load font information for U+msb on input line 18.


(/usr/share/texmf-dist/tex/latex/amsfonts/umsb.fd
File: umsb.fd 2013/01/14 v3.01 AMS symbols B
) (./td.toc
LaTeX Font Info:    Font shape `T1/lmtt/bx/n' in size <10> not available
(Font)              Font shape `T1/lmtt/b/n' tried instead on input line 2.
LaTeX Font Info:    External font `lmex10' loaded for size
(Font)              <10> on input line 3.
LaTeX Font Info:    External font `lmex10' loaded for size
(Font)              <7> on input line 3.
LaTeX Font Info:    External font `lmex10' loaded for size
(Font)              <5> on input line 3.
)
\tf@toc=\write4
\openout4 = `td.toc'.

 [1

{/var/lib/texmf/fonts/map/pdftex/updmap/pdftex.map}]
\openout2 = `TDs/TD1.aux'.

 (./TDs/TD1.tex
Overfull \hbox (53.24889pt too wide) in paragraph at lines 7--8
[]\T1/lmtt/m/n/10 L'intérêt du modèle en couche est la facilité d'abstractin et
 l'isolation
 []


Overfull \hbox (42.74892pt too wide) in paragraph at lines 21--22
[]\T1/lmtt/m/n/10 Les deux modèles sont des modèles à couches, mais le TCP/IP e
n contient
 []


Overfull \hbox (11.24901pt too wide) in paragraph at lines 36--38
[]\T1/lmtt/m/n/10 La couche permettant de faire abstraction de la manièrte dont
 les
 []


Overfull \hbox (6.74898pt too wide) in paragraph at lines 36--38
\T1/lmtt/m/n/10 différents réseaux locaux sont interconnectés est la couche Net
work
 []


Overfull \hbox (16.499pt too wide) in paragraph at lines 52--53
[]\T1/lmtt/m/n/10 Le rôle de la couche DataLink est d'assurer la communication 
entre
 []

[2

]
Overfull \hbox (21.74898pt too wide) in paragraph at lines 62--63
[]\T1/lmtt/m/n/10 Afin de connaître la destination d'un pacquet, on regarde l'a
dresse
 []


Overfull \hbox (0.74904pt too wide) in paragraph at lines 66--67
[]\T1/lmtt/m/n/10 La principale amélioration de L'IPv6 sur l'IPv4 est la quanti
té
 []


Overfull \hbox (19.38806pt too wide) detected at line 78
[] \OML/lmm/m/it/10 < t  \OMS/lmsy/m/n/10 )  [] \OML/lmm/m/it/10 < \OT1/lmr/m/n
/10 1\OML/lmm/m/it/10 ; \OT1/lmr/m/n/10 2  \OMS/lmsy/m/n/10 )  \OML/lmm/m/it/10
 d < []  \OMS/lmsy/m/n/10 )  \OML/lmm/m/it/10 d < []  \OMS/lmsy/m/n/10 )  \OML/
lmm/m/it/10 d < \OT1/lmr/m/n/10 33333\OML/lmm/m/it/10 ; \OT1/lmr/m/n/10 333 \OM
L/lmm/m/it/10 m
 []


Overfull \hbox (11.24901pt too wide) in paragraph at lines 80--81
[]\T1/lmtt/m/n/10 Cette solution prends en compte le retour du disque vers le p
oint
 []

)
Overfull \hbox (3.32811pt too wide) in paragraph at lines 82--22
[]\T1/lmtt/m/n/10 Si on compte un allé simple, on fait $\OT1/lmr/m/n/10 33\OML/
lmm/m/it/10 ; \OT1/lmr/m/n/10 333 \OMS/lmsy/m/n/10 ^^B \OT1/lmr/m/n/10 2 = 66\O
ML/lmm/m/it/10 ; \OT1/lmr/m/n/10 67\OML/lmm/m/it/10 km;$ \T1/lmtt/m/n/10 ou bie
n
 []

[3]
\openout2 = `TDs/TD2.aux'.

 (./TDs/TD2.tex
Overfull \hbox (11.24901pt too wide) in paragraph at lines 7--8
[]\T1/lmtt/m/n/10 Afin de représenter l'adresse de ce serveur, on utilise la cl
asse
 []

(/usr/share/texmf-dist/tex/latex/listings/lstlang1.sty
File: lstlang1.sty 2019/09/10 1.8c listings language file
)
Overfull \hbox (70.80423pt too wide) in paragraph at lines 12--13
[][][][][][][][][][][][][][][] 
 []


Overfull \hbox (42.74892pt too wide) in paragraph at lines 21--22
[]\T1/lmtt/m/n/10 Les classes importantes pour UDP sont DatagramSocket et Datag
ramPacket. 
 []


Overfull \hbox (16.499pt too wide) in paragraph at lines 50--52
[]\T1/lmtt/m/n/10 La différence entre les transmission UDP et TCP est que UDP e
nvoie
 []


Overfull \hbox (17.24895pt too wide) in paragraph at lines 50--52
\T1/lmtt/m/n/10 un flux unidirectionnel et plus rapides, mais a des pertes, alo
rs que
 []

[4


]
Overfull \hbox (108.60461pt too wide) in paragraph at lines 61--62
[][][][][][][][][][][][][][][][][] 
 []


Overfull \hbox (83.40436pt too wide) in paragraph at lines 62--63
[][][][][][][][][][][][][][][][][] 
 []


Overfull \hbox (89.70442pt too wide) in paragraph at lines 74--75
[][][][][][][][][][][][][][][][][][][] 
 []

) [5]
\openout2 = `TDs/TD3.aux'.

 (./TDs/TD3.tex
Overfull \hbox (21.74898pt too wide) in paragraph at lines 5--6
[]\T1/lmtt/m/n/10 L'unité consomée n'est pas nécessaire pour le SYN, onn le fai
t plus
 []

<TDs/schemas/chronogramme_echange.jpg, id=30, 298.716pt x 422.5386pt>
File: TDs/schemas/chronogramme_echange.jpg Graphic file (type jpg)
<use TDs/schemas/chronogramme_echange.jpg>
Package pdftex.def Info: TDs/schemas/chronogramme_echange.jpg  used on input li
ne 11.
(pdftex.def)             Requested size: 345.02942pt x 448.50128pt.

Overfull \hbox (11.24901pt too wide) in paragraph at lines 16--18
[]\T1/lmtt/m/n/10 Si le premier segment de données de A se perds, alors l'AckNu
m de
 []


Overfull \hbox (27.74892pt too wide) in paragraph at lines 16--18
\T1/lmtt/m/n/10 B contiendra 100 de moins que le SeqNum de A, ce qui pousse B à
 envoyer
 []

[6


 <./TDs/schemas/chronogramme_echange.jpg>]
Overfull \hbox (21.74898pt too wide) in paragraph at lines 28--29
[]\T1/lmtt/m/n/10 Si la connection est de type "TelNet full duplex", les observ
ations
 []

)
Overfull \hbox (5.99902pt too wide) in paragraph at lines 32--24
[]\T1/lmtt/m/n/10 Elle va grandir exponentiellement jusqu'à la moitié de la tai
lle
 []


Overfull \hbox (38.24889pt too wide) in paragraph at lines 32--24
\T1/lmtt/m/n/10 Elle sera donc de la taille du seuil au bout de 4 transmission 
acquitées,
 []


Overfull \hbox (53.99884pt too wide) in paragraph at lines 32--24
\T1/lmtt/m/n/10 Après le seuil, au lieu de faire une croissance exponentielle, 
on incrémente
 []

[7] (./td.aux (./TDs/TD1.aux) (./TDs/TD2.aux) (./TDs/TD3.aux)) ) 
Here is how much of TeX's memory you used:
 17444 strings out of 492167
 332480 string characters out of 6131559
 575903 words of memory out of 5000000
 21433 multiletter control sequences out of 15000+600000
 50741 words of font info for 57 fonts, out of 8000000 for 9000
 1141 hyphenation exceptions out of 8191
 60i,6n,66p,404b,1542s stack positions out of 5000i,500n,10000p,200000b,80000s
{/usr/share/tex
mf-dist/fonts/enc/dvips/lm/lm-ec.enc}{/usr/share/texmf-dist/fonts/enc/dvips/lm/
lm-rm.enc}{/usr/share/texmf-dist/fonts/enc/dvips/lm/lm-mathsy.enc}{/usr/share/t
exmf-dist/fonts/enc/dvips/lm/lm-mathit.enc}</usr/share/texmf-dist/fonts/type1/p
ublic/lm/lmbx10.pfb></usr/share/texmf-dist/fonts/type1/public/lm/lmbx12.pfb></u
sr/share/texmf-dist/fonts/type1/public/lm/lmcsc10.pfb></usr/share/texmf-dist/fo
nts/type1/public/lm/lmmi10.pfb></usr/share/texmf-dist/fonts/type1/public/lm/lmr
10.pfb></usr/share/texmf-dist/fonts/type1/public/lm/lmsy10.pfb></usr/share/texm
f-dist/fonts/type1/public/lm/lmtk10.pfb></usr/share/texmf-dist/fonts/type1/publ
ic/lm/lmtt10.pfb></usr/share/texmf-dist/fonts/type1/public/lm/lmtt12.pfb>
Output written on td.pdf (7 pages, 306570 bytes).
PDF statistics:
 74 PDF objects out of 1000 (max. 8388607)
 54 compressed objects within 1 object stream
 0 named destinations out of 1000 (max. 500000)
 18 words of extra memory for PDF output out of 10000 (max. 10000000)

